<?xml version="1.0" encoding="UTF-8"?>
<testsuite name="io.flutter.plugins.sharedpreferences.SharedPreferencesTest" tests="27" skipped="0" failures="0" errors="0" timestamp="2026-03-09T19:39:39.034Z" hostname="MacBook-Pro-de-Victir.local" time="89.736">
  <properties/>
  <testcase name="testSharedPreferencesWithMultipleFiles" classname="io.flutter.plugins.sharedpreferences.SharedPreferencesTest" time="82.747"/>
  <testcase name="testSetAndGetStringListWithSharedPreferencesRedirectsForPlatformEncoded" classname="io.flutter.plugins.sharedpreferences.SharedPreferencesTest" time="0.393"/>
  <testcase name="testSetAndGetStringWithDataStore" classname="io.flutter.plugins.sharedpreferences.SharedPreferencesTest" time="2.971"/>
  <testcase name="testSharedPreferencesDefaultFile" classname="io.flutter.plugins.sharedpreferences.SharedPreferencesTest" time="0.131"/>
  <testcase name="testClearWithDataStore" classname="io.flutter.plugins.sharedpreferences.SharedPreferencesTest" time="0.285"/>
  <testcase name="testGetKeysWithSharedPreferences" classname="io.flutter.plugins.sharedpreferences.SharedPreferencesTest" time="0.231"/>
  <testcase name="testSetAndGetIntWithSharedPreferences" classname="io.flutter.plugins.sharedpreferences.SharedPreferencesTest" time="0.499"/>
  <testcase name="testSetAndGetDoubleWithSharedPreferences" classname="io.flutter.plugins.sharedpreferences.SharedPreferencesTest" time="0.08"/>
  <testcase name="testGetAllWithSharedPreferences" classname="io.flutter.plugins.sharedpreferences.SharedPreferencesTest" time="0.263"/>
  <testcase name="testGetAllWithAllowListWithDataStore" classname="io.flutter.plugins.sharedpreferences.SharedPreferencesTest" time="0.174"/>
  <testcase name="testSetAndGetStringListWithDataStoreReportsRawString" classname="io.flutter.plugins.sharedpreferences.SharedPreferencesTest" time="0.163"/>
  <testcase name="testClearWithAllowListWithSharedPreferences" classname="io.flutter.plugins.sharedpreferences.SharedPreferencesTest" time="0.119"/>
  <testcase name="testSetAndGetBoolWithSharedPreferences" classname="io.flutter.plugins.sharedpreferences.SharedPreferencesTest" time="0.065"/>
  <testcase name="testSetAndGetStringListWithSharedPreferencesReportsRawString" classname="io.flutter.plugins.sharedpreferences.SharedPreferencesTest" time="0.101"/>
  <testcase name="testSetAndGetBoolWithDataStore" classname="io.flutter.plugins.sharedpreferences.SharedPreferencesTest" time="0.098"/>
  <testcase name="testGetAllWithAllowListWithSharedPreferences" classname="io.flutter.plugins.sharedpreferences.SharedPreferencesTest" time="0.171"/>
  <testcase name="testGetKeysWithDataStore" classname="io.flutter.plugins.sharedpreferences.SharedPreferencesTest" time="0.083"/>
  <testcase name="testSetAndGetStringWithSharedPreferences" classname="io.flutter.plugins.sharedpreferences.SharedPreferencesTest" time="0.076"/>
  <testcase name="testSetAndGetDoubleWithDataStore" classname="io.flutter.plugins.sharedpreferences.SharedPreferencesTest" time="0.073"/>
  <testcase name="testSetAndGetIntWithDataStore" classname="io.flutter.plugins.sharedpreferences.SharedPreferencesTest" time="0.101"/>
  <testcase name="testSetAndGetStringListWithSharedPreferences" classname="io.flutter.plugins.sharedpreferences.SharedPreferencesTest" time="0.054"/>
  <testcase name="testClearWithSharedPreferences" classname="io.flutter.plugins.sharedpreferences.SharedPreferencesTest" time="0.143"/>
  <testcase name="testClearWithAllowListWithDataStore" classname="io.flutter.plugins.sharedpreferences.SharedPreferencesTest" time="0.067"/>
  <testcase name="testSetAndGetStringListWithDataStore" classname="io.flutter.plugins.sharedpreferences.SharedPreferencesTest" time="0.342"/>
  <testcase name="testGetAllWithDataStore" classname="io.flutter.plugins.sharedpreferences.SharedPreferencesTest" time="0.07"/>
  <testcase name="testUnexpectedClassDecodeThrows" classname="io.flutter.plugins.sharedpreferences.SharedPreferencesTest" time="0.137"/>
  <testcase name="testSetAndGetStringListWithDataStoreRedirectsForPlatformEncoded" classname="io.flutter.plugins.sharedpreferences.SharedPreferencesTest" time="0.094"/>
  <system-out><![CDATA[]]></system-out>
  <system-err><![CDATA[]]></system-err>
</testsuite>
